1
2
5
12
13
15
17
18
21
27
29
30
31
32
33
37
41
43
47
62
66
69
71
73
77
79
83
85
86
87
92
119
153
156
158
159
165
171
174
178
185
193
200
202
214
216
217
226
247
252
267
268
272
274
283
285
287
292
295
297
305
312
317
325
331
333
339
342
343
346
347
354
359
363
367
373
379
385
388
401
402
403
409
415
416
417
425
428
433
437
448
449
460
462
465
474
475
479
481
486
487
493
515
518
527
528
537
539
543
546
553
563
565
575
578
588
593
602
603
607
608
609
616
617
621
622
624
636
653
657
658
659
661
665
677
680
694
699
708
712
716
719
723
731
733
743
745
749
751
752
753
754
767
770
779
780
782
783
784
786
787
794
795
797
799
814
815
816
817
819
821
824
826
834
835
844
859
866
871
872
879
884
885
887
888
904
908
921
922
925
928
931
935
948
953
954
955
957
958
959
966
967
969
981
986
987
992
995
997
998
999
