207
445 17
27036 14411 24640 90346 86612 92413 64459 24482 59344 35349 36172 32384 2014 69678 55148 18854 47090
3844 20
22443 73669 86247 81936 77980 77212 16535 47994 27198 57808 48097 45800 99259 63905 74506 29882 56014 28254 9553 23640
4966 20
96453 8445 29952 60444 2013 57830 31906 30216 50602 3316 42135 59714 85470 40301 95349 63228 71214 40774 97987 93024
432 19
76160 29133 72438 9120 23556 61297 22659 83844 3134 5550 3043 95459 69222 47462 12551 79646 63010 34737 25576
8386 17
54591 67304 10668 28741 76829 9683 80155 70971 87600 98519 51994 79504 59817 24656 29325 90162 20960
7277 11
26676 47215 15913 66496 83178 14522 37091 26793 13058 15043 97571
3667 10
80618 67393 69139 13608 18478 41337 88836 62143 31002 84363
9958 15
20595 82858 1314 99344 23141 88166 58465 57271 86319 28942 80897 98420 14419 74683 4164
1065 19
77947 91882 78289 87160 73016 93966 56400 54970 9015 76483 33295 36080 88148 59899 39346 28543 50281 9836 95946
7042 19
60582 42074 72464 37687 49221 64879 38712 77640 24343 10231 94727 18110 79123 87349 18938 1911 92896 27467 69648
8319 18
5029 97840 31613 63933 55111 96324 12543 80969 42943 98676 8034 15045 64723 57437 97549 83678 81369 62177
1707 13
22165 49920 31228 60513 4496 24638 71709 77047 77883 49110 16890 23566 99351
1939 11
56298 23542 7946 5946 30426 87958 68505 75122 83143 18390 28572
5006 20
54408 54828 50106 68314 43268 21514 30427 91079 53649 6050 25614 12938 18289 57867 64415 76702 46101 95257 35815 39830
6068 12
23926 78599 71167 86321 79852 57698 39814 5701 27104 40301 19342 31895
6033 14
54186 66727 6594 64536 77516 44060 33013 37727 72495 34466 70864 85725 61493 98867
3240 19
3239 58788 31252 88967 24970 70624 41151 63771 40965 48404 66073 12530 2140 28472 60493 75140 95905 59117 31503
5357 16
30926 28226 86311 61566 49688 23666 61616 69433 2897 29070 41159 14299 88026 41964 15395 86499
6930 17
74617 82029 24119 6080 40603 53192 26511 28290 57332 18760 90418 46367 56381 87921 17646 48391 72004
1623 10
98054 63625 55095 44060 94486 66404 7170 41821 95847 99592
4289 13
23695 26591 87490 61219 67360 96016 31086 45888 65205 55010 4037 58422 75587
5059 13
27258 88734 49590 54 64729 2745 932 27117 50105 71497 30477 58726 48827
3198 12
68105 74745 96959 67834 87414 65323 35538 76939 57602 66872 73616 55752
8200 20
48365 89521 57780 58083 63840 9958 21967 94048 87560 26744 80417 32755 60023 15702 71052 37737 1334 91485 47114 22906
2073 11
34539 5667 61764 8489 7487 28485 48868 8624 60820 76573 79749
3288 13
70028 94645 90486 82886 17089 3634 87889 21225 84320 71156 63215 93875 5487
8096 17
90108 79359 12929 34875 20205 29802 92274 17953 63352 64920 67931 77878 17341 98215 57028 44950 24932
4965 14
8898 86122 10845 21059 66884 75806 53362 46269 93584 29207 72060 85469 2895 89330
1905 15
34540 90579 69789 5214 42113 88002 33696 31564 6365 23928 31412 39096 31073 65062 94174
6769 18
99340 94055 27316 32405 71709 45981 90677 23487 72603 87382 7510 17968 14492 45307 43023 57011 42007 26607
1104 15
55890 58287 47255 49627 41195 17348 94172 3806 3022 71384 92947 77783 91881 62150 69450
5942 15
28518 16285 38755 7265 75667 97150 13868 36810 46122 4449 9609 84071 62284 71138 6297
8756 18
17999 44764 15971 15188 53389 93872 22740 84328 45601 19581 74209 83632 70083 48639 95195 23174 1955 58903
6536 13
91558 42673 66779 35677 32258 19140 39187 13986 63845 24902 87480 87706 98272
377 17
53002 5660 5886 33703 63709 73180 42703 76068 16822 39267 48163 99238 44500 83483 90642 37306 47927
7572 13
47174 85774 75922 95361 88286 86622 6353 47619 30264 59541 43237 305 90402
9583 19
38361 30952 42148 25138 22618 91996 70184 83082 98534 84306 27934 65819 982 96922 3971 66941 11881 81479 69681
8591 18
31632 10379 50910 84079 55863 31112 79328 4367 30074 78446 94483 64419 92938 60267 60237 2595 49613 58214
1607 16
47477 57912 29091 37890 68468 73408 81391 55900 55616 87257 60495 73555 23959 2940 45009 98726
9697 17
92789 28009 87488 10223 29846 4436 50677 12457 47004 92546 2671 24642 49633 24677 79986 75307 85714
5429 13
42271 86369 94914 7916 12531 73276 82790 99924 47634 6445 66957 14753 3040
2401 11
50225 48674 69841 75999 92374 81706 72972 11062 29882 77564 30361
8342 17
70680 55366 73487 6481 76198 516 45754 37693 98955 21279 26908 53178 22842 38367 41526 80578 22275
2867 10
27941 39822 59948 57575 98640 22326 44376 76808 12572 56321
4518 13
2404 81118 20916 86071 62287 13817 36700 835 58567 72114 678 11641 18902
3247 12
90099 18090 32734 93744 93240 81926 30501 22884 66506 94655 7233 65871
8570 15
50242 94446 77170 41692 43951 24600 58990 8346 80883 73027 97890 90408 89142 5828 88021
8058 19
1355 30875 6668 68359 24406 95529 50810 81575 72439 16410 54423 96802 94501 97055 92082 89727 68077 32333 81322
2385 17
59548 32956 516 31141 69049 96413 49303 81722 64820 18518 93376 34520 88792 40289 80895 93991 89783
7482 13
31437 51816 86465 55845 43376 8270 70191 36606 83066 15239 87246 41660 92072
42 15
89954 75269 75467 5504 37126 27005 93173 83940 64401 8725 72038 29654 10211 4919 65467
3755 19
28997 36632 89399 28933 37715 93679 54060 89386 66021 69000 1719 86288 93419 11814 98204 63749 6167 79379 84772
5963 15
88474 60610 74353 21865 90283 46512 44797 15773 64111 1412 13580 84556 58270 72899 60548
7455 12
24339 68393 12922 81391 40051 67072 49848 9662 5200 35682 85404 35414
9984 20
71598 9593 74962 32827 23974 29999 45974 65749 72798 34198 44706 9833 21147 77724 91754 11821 55113 54516 39137 94149
6205 12
16369 6560 61638 88039 40717 72017 48443 94919 43640 1359 92653 56854
8373 12
59548 29547 6449 50948 25222 82282 41013 74099 10144 75498 36544 10783
6620 20
78397 34407 82787 68616 28426 58252 67639 11610 57799 88319 73468 9849 20893 43459 30693 36538 46322 62730 74278 22378
6989 10
65309 95072 72628 30834 3140 21559 66203 25927 51555 60183
2339 18
95783 84827 69216 65811 86162 55998 93801 48621 82212 88562 13989 73062 5851 98479 16402 31604 63521 676
796 18
30917 67702 74751 766 67902 98229 67770 79494 84074 11127 75401 92666 51683 26682 28306 75981 64828 90739
3462 11
941 23898 63776 19976 95855 40687 82934 74582 6842 99809 39480
6880 16
78965 57533 74745 86510 82537 1372 96609 90080 29025 92755 28637 22515 13904 95369 1092 41068
3610 13
61737 26780 79792 3791 62125 80778 88534 25774 68869 65902 68995 6501 94541
9010 15
57948 7563 43805 28623 28374 41278 41632 28552 47592 72303 2361 66467 87968 62785 38857
7857 13
95206 17062 10547 71664 67614 16542 91417 58704 99112 50828 35020 50161 28846
2204 19
82370 50179 70258 58586 25954 57300 57312 41436 12889 29880 9205 55043 43892 58758 5261 59184 22494 100 95659
913 17
52140 15663 91258 15250 60989 78473 96457 68018 69782 1120 38740 45673 90776 53004 94573 50572 345
2318 13
22517 71333 24018 45067 89209 1610 43726 80798 15871 29315 22297 58900 36639
4877 19
40881 38571 93606 2491 21439 32177 48707 52667 94506 3757 8886 30206 59314 24805 91085 93845 1772 27624 96208
4393 18
41944 37998 77553 71227 23274 45930 83247 45703 7129 95520 61800 34591 90953 56902 96102 1359 92230 28106
3477 20
53202 80068 66890 94789 45340 15817 4108 29045 50505 37188 5583 49727 58236 73 98824 57010 30861 34671 49430 2016
2560 19
47035 50332 87694 47585 42077 98687 34286 9355 3919 90653 30532 46678 23625 36243 53012 57157 54891 12033 61536
8325 14
9138 44427 55080 13045 45804 8768 97034 11385 99132 56998 7548 92977 64928 22324
5869 19
84992 54390 59403 96734 45920 37696 18265 72179 47200 78797 75846 45573 38684 77755 7472 81444 85130 30653 58798
2113 15
20053 53848 9172 61027 28093 566 2314 22652 99142 45106 45846 7319 72109 58214 37045
5537 19
5845 19500 11241 12098 6531 87772 70136 19373 72118 25989 17652 49850 74379 8392 31487 61039 41961 96971 66420
5492 17
35619 38829 7159 27045 47632 73969 39540 39072 79417 45391 20811 59045 97566 80106 48524 48133 10976
4156 16
29133 8783 26496 49995 897 15988 93823 77216 41329 4139 87078 90416 97141 4816 38579 50429
70 10
23731 26928 29436 71576 83527 64567 9993 76432 6291 31812
2713 15
30921 84899 44137 18480 2103 40020 52255 75155 56119 72772 54338 7157 87799 5780 1491
3139 14
10883 72299 39342 89178 30075 31626 89733 82019 38151 53065 31857 71431 42701 37825
8421 16
15046 24409 2138 12522 47716 76651 27724 44412 35124 11207 17067 48163 71667 84434 70429 28000
1480 16
95726 87184 69060 75251 33773 5011 66323 61440 16100 42530 52105 67359 71001 71470 80000 46807
6412 16
20236 93799 11688 72441 20639 80382 20779 71875 35187 95993 87756 98087 7536 59264 94788 76664
7400 16
13517 7689 74848 34825 8590 69153 89982 55175 69903 63989 57596 78907 61739 81389 29435 17790
5091 17
12683 88734 69124 8330 79615 89906 31388 10382 44496 25414 38037 57384 28866 21570 39856 28304 65945
240 20
55689 37891 72409 49892 21367 95355 1622 88217 76863 73126 54767 43496 69382 14528 76683 90766 28567 15674 69742 63303
4979 15
55331 34099 5945 52596 9990 18678 82888 57151 68539 69293 77280 17766 52458 98510 37300
3499 20
59050 92334 91827 52685 74395 83485 92429 88147 75149 9251 66315 42532 81902 75643 35971 40072 58211 1124 28102 24300
1036 16
41086 48263 72525 32080 42501 52614 55088 68330 73575 39091 295 96319 46805 22638 27438 92931
6486 17
11390 49113 66215 23532 89846 91344 6411 47806 69965 83365 44642 9782 71116 62904 91195 15388 46936
7308 16
10896 21713 75913 48460 67249 11678 56598 78871 24598 24479 38808 97823 29482 31752 54440 40867
8109 13
66840 10811 75268 5407 34450 42969 31540 23360 52328 42782 59017 36052 52339
9397 15
38478 96033 13307 95983 27290 98561 38986 12766 93936 76572 58691 31695 51056 44715 54310
3533 14
92942 45820 29627 89865 60732 99082 61195 4150 96719 9680 63463 45189 79238 40557
3420 11
37876 67460 57729 3386 52101 56510 92850 11895 55407 64815 51528
5062 10
58918 47053 19182 23941 19534 66731 53033 15438 71260 54585
7991 12
91606 7680 54205 7908 66163 95660 83329 78749 97248 93361 68196 96128
5688 14
73019 29777 66610 52494 46876 68739 64009 48213 56582 68243 41798 88686 41084 15085
9210 10
55199 39684 85530 64267 89891 82155 44704 38871 12239 78290
3480 17
84516 66296 46230 9166 1044 52069 70550 14904 42062 75142 24346 78285 61211 29641 60269 90987 5764
6192 11
62684 96932 5424 10423 71704 24856 92686 75751 19099 81389 92404
8404 10
13529 44882 38866 96954 82120 37115 91728 36801 13368 58196
9157 17
94510 77920 62779 36550 55257 16482 99638 93620 26195 63869 4088 37965 71623 35301 92461 91750 97177
1777 13
18594 13881 96529 65113 45429 12658 77184 12267 93435 89216 43822 45486 90073
2836 15
87463 15635 36783 97073 19216 92523 39257 97490 62614 2022 53922 52889 76217 60503 16876
4367 16
21917 17724 83811 27337 8973 83027 16329 55056 17410 44992 69318 72896 65627 92503 87161 62775
9670 10
53920 21950 11959 98041 32084 84402 35435 23702 31617 41790
4856 19
32873 52296 24690 32158 67208 59925 64631 25103 6048 64511 49228 98471 80444 68185 35274 44805 47955 29110 12493
2916 14
89411 51149 83837 87781 2499 19659 92953 1962 16259 14347 8972 29865 63276 23779
4610 17
45099 4619 49023 46557 85720 8663 36786 5151 40917 30215 56538 35283 79860 72316 18519 65570 71911
4760 15
88702 26794 26214 92904 33498 68111 82347 11922 57760 86462 27216 3794 27167 61554 20161
8273 20
11245 23976 65136 86396 10161 60004 64349 84901 74051 59067 29692 91664 790 9629 74280 35136 3893 92926 75818 11081
227 19
23142 6179 83466 67853 65432 90636 55961 77556 65008 8300 58957 25203 65306 67210 87299 99647 40430 14064 44319
1931 11
39515 60866 28675 38407 92343 83027 2576 28942 41900 79421 44803
2454 20
91258 33461 55180 64341 62572 22755 55412 5707 16166 54708 65010 73068 99759 61688 82706 27956 69991 7775 76163 5994
334 17
45249 50838 23753 1086 63679 33402 30883 81308 30396 55241 36823 39817 13533 35849 86240 78788 38520
7545 16
36594 21481 79781 2733 63525 40571 27051 60764 68607 44090 1189 52723 28072 3746 53416 45651
5052 12
63127 50229 37100 97648 27644 13355 3100 26691 27996 8224 22439 29677
8708 17
43320 22825 24456 74219 27843 90807 77654 90771 15534 76369 32043 67788 62667 77280 35159 66999 97284
9779 14
51313 23839 9932 72909 94324 73017 36795 25301 65965 41372 77109 67342 66737 92164
5430 12
64346 68637 70930 13264 13742 43460 67943 79628 54012 94283 63443 76988
4310 11
28425 51508 22331 60934 88165 31715 74707 27340 19636 67248 80658
7705 17
33301 27985 36567 58132 31678 59470 300 83044 73639 29703 31856 86995 45189 59406 39841 75185 5365
5405 10
2510 30086 18415 52991 77257 29074 23004 59687 69271 58490
2018 15
60533 45930 57077 24623 84417 37579 16457 50937 35332 83507 89670 9903 28749 52557 57218
2374 13
96330 93483 18581 38719 80726 88471 92668 24320 47941 83181 81997 24038 76703
529 14
56514 24716 66202 59052 1939 3720 38678 33310 49374 40372 37699 99252 48579 43552
1234 13
75509 52546 17433 64852 63135 92287 51252 90492 37480 41240 26014 63663 18424
186 16
20557 95871 38500 9144 23306 71948 21969 62546 9510 85818 88442 58615 59043 94298 35534 8967
2417 12
11566 30007 44583 7254 31907 79809 63264 28897 12407 66846 64654 65408
5805 13
750 60441 10948 44922 26733 42579 11382 89107 38167 17515 42416 17082 70432
4229 16
94942 39230 4269 44856 65268 90719 94483 43505 49645 33251 97205 28309 49498 63390 2257 17691
5753 16
42649 91478 3456 62189 20513 52922 70249 37038 81039 74253 29351 48488 79388 32859 30908 3978
1721 18
96680 1328 66601 97360 92021 12941 12706 26762 75648 9681 13436 1271 45900 29998 6368 979 46182 49144
689 17
32873 68624 1684 96861 16153 94276 23254 49548 18401 41102 83589 25651 44581 39002 16470 83528 35758
2856 19
39200 47067 59702 73026 21655 76568 82006 61572 27880 7468 97690 92568 16872 21957 62806 74623 86111 88979 4022
250 17
74501 65291 23274 37031 53808 60049 84453 62352 59444 87256 37274 85818 90675 84442 2446 91887 87909
7822 13
68283 74828 20701 66124 77976 550 51399 48849 70296 15773 45966 75535 86967
7111 20
46877 31657 73379 7380 30096 68749 21527 99363 6803 60375 11814 27161 17912 56152 59436 14747 31942 20395 54124 80400
1339 20
54645 83404 20827 88628 78886 84732 56789 59321 50928 18824 96674 62939 18198 12725 38256 17636 89644 84734 18190 41114
7599 19
13673 85363 14510 6450 79840 84313 80113 94218 65680 87924 15740 25754 82086 44570 55343 15969 55396 15490 65522
9191 17
13205 4274 54028 89733 97800 52073 72194 26858 71029 23001 66445 69151 51279 97232 32046 9796 79749
6331 18
48248 65581 85572 39943 19400 39178 63129 29336 15139 70950 34879 93025 16951 10793 24735 10313 60568 47430
9023 16
85054 58516 99126 67586 46856 18756 91525 53846 9790 65157 34508 72249 67956 61445 72512 94122
5957 19
12683 93648 73285 16118 9519 14059 69655 16538 92937 4178 30236 45400 7362 38263 56863 41798 15857 11601 69754
2631 20
28844 95646 53154 27196 41551 48846 91910 65968 46628 98470 51443 72913 92325 86463 39248 49839 63405 11334 72613 30747
874 19
82426 74434 74413 19966 92719 89901 49933 47118 92235 16240 13886 75422 21087 65799 34062 71667 65360 53057 20039
2603 18
58656 9370 71841 24595 7725 78833 77602 87256 63129 78359 46114 27138 11334 11116 21898 15319 63073 71547
3437 10
33324 34182 77581 68876 28689 60974 40649 4850 27826 95139
5042 19
42417 76019 63644 86786 77489 83203 16400 63217 76885 68562 73234 52346 74332 3110 84360 7233 74648 12597 12514
71 11
70663 85486 74881 6349 48167 65594 39726 75600 62816 40430 75318
737 16
38667 78353 71903 1722 81584 86696 62562 21916 72582 30022 40693 79061 90642 14467 46515 86466
4005 19
10721 5108 17846 26570 71579 1005 50223 54756 17722 76007 86819 74340 53431 28436 1828 65563 21799 70546 48175
7720 13
89606 64259 97743 67382 45939 33788 69590 21466 50214 59323 29537 63612 61061
3505 15
43099 60328 68201 89731 87656 33529 81592 59429 15123 64500 8947 88993 80558 7057 22229
8176 13
57667 9621 899 91599 18106 44656 40020 14198 42862 16290 86706 14628 16355
6195 14
85496 36386 59987 81290 67422 70785 65043 58860 61362 16203 13198 8583 77187 44075
6264 14
52462 28513 61515 3141 337 43446 29158 29548 59028 26960 53289 7346 24559 89882
8637 14
39486 3815 55019 30075 77930 94929 82493 82411 4874 78354 12126 88900 60455 18404
8254 16
71939 13658 18461 67518 12813 51557 21884 88947 59811 42451 99576 82031 81783 10821 494 31572
6741 19
72490 2793 75653 54057 67631 37771 88703 72195 80958 35352 50053 9936 65519 62404 4192 97324 87355 65020 88928
8080 16
96028 46258 13251 68468 14915 57489 61645 47578 2833 76298 1906 7868 4874 72495 3872 96398
7173 18
16765 67600 51287 4461 99739 80374 15122 61890 59334 35610 668 24620 50199 83147 8986 56419 48093 45957
189 20
88865 93551 50049 97186 19259 558 67725 82215 25200 86126 81063 46361 71241 75804 83098 66236 19050 97539 35951 59556
4654 15
45060 14655 99400 57589 50511 2095 42893 29149 13107 46105 43303 51763 97088 30835 75073
1563 14
84032 93859 13777 72353 64557 10516 77646 20353 50989 37897 18574 36794 11153 5837
4386 20
55589 76411 81146 63486 27770 25605 55159 51559 8144 74910 53983 20278 58984 1441 41768 41057 51286 70149 2757 50686
5475 12
99610 45774 19059 60277 61387 50627 58240 80711 78436 97530 93378 49320
7763 20
19066 68755 12655 21690 5361 64178 4436 95717 18194 14149 22963 24817 24533 16058 95144 13082 95513 70401 21400 72077
8524 17
49198 72968 17897 74016 20895 35140 21150 57504 43774 88200 63307 11323 1256 47402 71904 14017 55501
4157 15
68094 59883 39684 70284 35334 97986 17168 28831 37339 69208 47907 63177 22244 67793 86438
9952 11
92306 43660 88127 98626 96648 84073 86956 23164 10359 50646 15371
3523 20
61656 6594 34807 85122 40136 92911 69437 672 89143 49092 22389 82484 66494 56113 39469 63837 46939 83589 14623 55861
3358 20
19128 76535 88505 87713 56633 52329 8879 93001 75103 49444 51928 38521 50566 99469 509 64746 3125 4134 42331 2243
7714 17
57225 79069 66942 80214 5195 17161 3644 64272 63537 11332 66748 89858 39886 3957 35571 49446 27453
6144 19
6392 75647 92326 35911 53192 76837 87952 58025 34730 73835 5538 98640 85534 61402 42379 2429 93351 33017 72922
4808 12
97425 20702 66852 64382 31140 68829 98544 54064 76613 44879 80273 99627
6383 12
99629 7383 65929 29651 21634 68665 85190 3494 45607 22479 73705 33933
9215 17
75049 25313 7201 7171 98088 21460 53640 54692 84790 40786 29947 66110 87985 40254 25124 18665 96354
6961 13
98943 7425 33799 24815 85713 42304 61734 57320 93989 78776 17110 3302 6470
2920 10
40464 32054 39400 61764 41306 20742 67843 66509 12633 40314
4989 13
26283 25604 10828 20889 79817 32812 50251 75529 26804 1704 38920 36601 25199
1704 13
48890 57725 48512 95486 8800 92036 48050 61444 84820 369 43079 35961 8043
7014 13
27710 12455 68906 2969 26898 4102 77456 1616 34404 58390 23476 81728 50234
7359 18
80345 28951 78298 90334 87754 27486 70567 63823 32965 74782 69499 77549 70160 26800 52312 63996 9375 12848
1710 20
69544 23575 87730 81702 72811 82128 28593 24420 49003 54573 8315 16624 79794 97475 40172 87138 70407 12570 18689 88922
3051 18
70464 66585 32492 29857 88614 64368 35195 24453 35981 18741 51500 46356 49773 46272 33214 39855 79068 2549
459 12
9883 86984 92648 10533 17326 56045 1687 71228 90313 81327 46764 63469
5590 14
61929 48678 15804 50886 64380 6726 97946 32891 83643 45621 20555 95129 55291 82048
3006 13
7983 20 14842 26246 30322 13703 99606 4118 32318 98455 32816 68702 53459
6953 16
4460 44169 71259 13413 40597 2391 45821 54548 6931 67642 46259 29728 66523 84887 52169 46501
5246 17
99538 78994 95537 28414 97272 6873 8956 28504 60810 70448 88496 37307 22549 48520 44008 86385 85714
4670 13
12333 4418 98707 53078 97015 45310 13732 70073 63725 2160 40521 80322 95085
6892 14
55570 77745 40816 89741 75445 98136 74850 64945 81069 97845 47482 44015 63163 60877
225 10
38066 90169 93541 19578 58073 63200 30035 70560 83003 56878
1770 11
53720 36925 6873 28828 96426 79867 83849 43058 98402 98428 15986
4483 13
68264 99324 68143 80117 87070 34531 6348 10813 65140 73215 15510 22772 55484
4802 11
27414 17950 29582 31988 58723 2330 59129 80829 21686 50832 17507
9399 17
72644 58992 61898 2194 10385 57177 24519 51538 91922 13122 18540 66141 21818 55071 12168 24630 82656
4331 12
96205 65966 11552 78505 6448 9681 69353 16229 13497 4262 74566 2355
8350 14
94997 85802 23826 68671 47822 57382 17243 36544 54163 57537 29363 11516 46776 96549
2206 19
76917 60896 21647 95970 794 52357 27151 71701 85513 52401 87879 36327 27892 51176 27758 54004 22392 37905 90153
732 17
79400 80867 74097 23908 3234 11631 87536 64367 60855 8992 62005 75535 38548 18196 39984 28125 80021
8043 19
34280 84139 88094 79888 31106 87615 16620 4648 40060 61488 88933 95448 5351 54046 20583 10975 41525 90132 76339
9772 17
45682 52743 10161 77264 41179 10639 18994 71956 39849 1331 12919 34725 70656 95372 90925 20394 63725
